2020-04-21 23:36:25 | [INFO]    | Discordia 2.8.3
2020-04-21 23:36:25 | [INFO]    | Connecting to Discord...
2020-04-21 23:36:26 | [INFO]    | Authenticated as KoronaBot#1494
2020-04-21 23:36:27 | [INFO]    | Launching shard 0 (1 out of 1)...
2020-04-21 23:36:27 | [INFO]    | Shard 0 : Connected to wss://gateway.discord.gg
2020-04-21 23:36:27 | [INFO]    | Shard 0 : Received HELLO
2020-04-21 23:36:27 | [INFO]    | Shard 0 : Received READY
2020-04-21 23:49:33 | [INFO]    | Discordia 2.8.3
2020-04-21 23:49:33 | [INFO]    | Connecting to Discord...
2020-04-21 23:49:33 | [INFO]    | Authenticated as KoronaBot#1494
2020-04-21 23:49:33 | [INFO]    | Launching shard 0 (1 out of 1)...
2020-04-21 23:49:33 | [INFO]    | Shard 0 : Connected to wss://gateway.discord.gg
2020-04-21 23:49:33 | [INFO]    | Shard 0 : Received HELLO
2020-04-21 23:49:33 | [INFO]    | Shard 0 : Received READY
2020-04-21 23:50:19 | [INFO]    | Discordia 2.8.3
2020-04-21 23:50:19 | [INFO]    | Connecting to Discord...
2020-04-21 23:50:20 | [INFO]    | Authenticated as KoronaBot#1494
2020-04-21 23:50:20 | [INFO]    | Launching shard 0 (1 out of 1)...
2020-04-21 23:50:20 | [INFO]    | Shard 0 : Connected to wss://gateway.discord.gg
2020-04-21 23:50:20 | [INFO]    | Shard 0 : Received HELLO
2020-04-21 23:50:20 | [INFO]    | Shard 0 : Received READY
2020-04-21 23:51:22 | [INFO]    | Discordia 2.8.3
2020-04-21 23:51:22 | [INFO]    | Connecting to Discord...
2020-04-21 23:51:22 | [INFO]    | Authenticated as KoronaBot#1494
2020-04-21 23:51:22 | [INFO]    | Launching shard 0 (1 out of 1)...
2020-04-21 23:51:22 | [INFO]    | Shard 0 : Connected to wss://gateway.discord.gg
2020-04-21 23:51:22 | [INFO]    | Shard 0 : Received HELLO
2020-04-21 23:51:22 | [INFO]    | Shard 0 : Received READY
2020-04-21 23:51:47 | [INFO]    | Discordia 2.8.3
2020-04-21 23:51:47 | [INFO]    | Connecting to Discord...
2020-04-21 23:51:47 | [INFO]    | Authenticated as KoronaBot#1494
2020-04-21 23:51:47 | [INFO]    | Launching shard 0 (1 out of 1)...
2020-04-21 23:51:47 | [INFO]    | Shard 0 : Connected to wss://gateway.discord.gg
2020-04-21 23:51:47 | [INFO]    | Shard 0 : Received HELLO
2020-04-21 23:51:47 | [INFO]    | Shard 0 : Received READY
2020-04-21 23:52:21 | [INFO]    | Discordia 2.8.3
2020-04-21 23:52:21 | [INFO]    | Connecting to Discord...
2020-04-21 23:52:21 | [INFO]    | Authenticated as KoronaBot#1494
2020-04-21 23:52:21 | [INFO]    | Launching shard 0 (1 out of 1)...
2020-04-21 23:52:22 | [INFO]    | Shard 0 : Connected to wss://gateway.discord.gg
2020-04-21 23:52:22 | [INFO]    | Shard 0 : Received HELLO
2020-04-21 23:52:22 | [INFO]    | Shard 0 : Received READY
2020-04-21 23:53:03 | [INFO]    | Discordia 2.8.3
2020-04-21 23:53:03 | [INFO]    | Connecting to Discord...
2020-04-21 23:53:04 | [INFO]    | Authenticated as KoronaBot#1494
2020-04-21 23:53:04 | [INFO]    | Launching shard 0 (1 out of 1)...
2020-04-21 23:53:04 | [INFO]    | Shard 0 : Connected to wss://gateway.discord.gg
2020-04-21 23:53:04 | [INFO]    | Shard 0 : Received HELLO
2020-04-21 23:53:04 | [INFO]    | Shard 0 : Received READY
2020-04-21 23:54:44 | [INFO]    | Discordia 2.8.3
2020-04-21 23:54:44 | [INFO]    | Connecting to Discord...
2020-04-21 23:54:44 | [INFO]    | Authenticated as KoronaBot#1494
2020-04-21 23:54:44 | [INFO]    | Launching shard 0 (1 out of 1)...
2020-04-21 23:54:44 | [INFO]    | Shard 0 : Connected to wss://gateway.discord.gg
2020-04-21 23:54:44 | [INFO]    | Shard 0 : Received HELLO
2020-04-21 23:54:44 | [INFO]    | Shard 0 : Received READY
2020-04-21 23:54:54 | [INFO]    | Discordia 2.8.3
2020-04-21 23:54:54 | [INFO]    | Connecting to Discord...
2020-04-21 23:54:54 | [INFO]    | Authenticated as KoronaBot#1494
2020-04-21 23:54:54 | [INFO]    | Launching shard 0 (1 out of 1)...
2020-04-21 23:54:54 | [INFO]    | Shard 0 : Connected to wss://gateway.discord.gg
2020-04-21 23:54:54 | [INFO]    | Shard 0 : Received HELLO
2020-04-21 23:54:55 | [INFO]    | Shard 0 : Received READY
2020-04-21 23:56:08 | [INFO]    | Discordia 2.8.3
2020-04-21 23:56:08 | [INFO]    | Connecting to Discord...
2020-04-21 23:56:08 | [INFO]    | Authenticated as KoronaBot#1494
2020-04-21 23:56:08 | [INFO]    | Launching shard 0 (1 out of 1)...
2020-04-21 23:56:08 | [INFO]    | Shard 0 : Connected to wss://gateway.discord.gg
2020-04-21 23:56:08 | [INFO]    | Shard 0 : Received HELLO
2020-04-21 23:56:09 | [INFO]    | Shard 0 : Received READY
2020-04-21 23:56:45 | [INFO]    | Discordia 2.8.3
2020-04-21 23:56:45 | [INFO]    | Connecting to Discord...
2020-04-21 23:56:46 | [INFO]    | Authenticated as KoronaBot#1494
2020-04-21 23:56:46 | [INFO]    | Launching shard 0 (1 out of 1)...
2020-04-21 23:56:46 | [INFO]    | Shard 0 : Connected to wss://gateway.discord.gg
2020-04-21 23:56:46 | [INFO]    | Shard 0 : Received HELLO
2020-04-21 23:56:46 | [INFO]    | Shard 0 : Received READY
2020-04-21 23:57:03 | [INFO]    | Discordia 2.8.3
2020-04-21 23:57:03 | [INFO]    | Connecting to Discord...
2020-04-21 23:57:03 | [INFO]    | Authenticated as KoronaBot#1494
2020-04-21 23:57:03 | [INFO]    | Launching shard 0 (1 out of 1)...
2020-04-21 23:57:03 | [INFO]    | Shard 0 : Connected to wss://gateway.discord.gg
2020-04-21 23:57:03 | [INFO]    | Shard 0 : Received HELLO
2020-04-21 23:57:04 | [INFO]    | Shard 0 : Received READY
2020-04-22 00:06:36 | [INFO]    | Discordia 2.8.3
2020-04-22 00:06:36 | [INFO]    | Connecting to Discord...
2020-04-22 00:06:36 | [INFO]    | Authenticated as KoronaBot#1494
2020-04-22 00:06:36 | [INFO]    | Launching shard 0 (1 out of 1)...
2020-04-22 00:06:36 | [INFO]    | Shard 0 : Connected to wss://gateway.discord.gg
2020-04-22 00:06:36 | [INFO]    | Shard 0 : Received HELLO
2020-04-22 00:06:37 | [INFO]    | Shard 0 : Received READY
2020-04-22 00:07:16 | [INFO]    | Discordia 2.8.3
2020-04-22 00:07:16 | [INFO]    | Connecting to Discord...
2020-04-22 00:07:16 | [INFO]    | Authenticated as KoronaBot#1494
2020-04-22 00:07:16 | [INFO]    | Launching shard 0 (1 out of 1)...
2020-04-22 00:07:16 | [INFO]    | Shard 0 : Connected to wss://gateway.discord.gg
2020-04-22 00:07:16 | [INFO]    | Shard 0 : Received HELLO
2020-04-22 00:07:16 | [INFO]    | Shard 0 : Received READY
2020-04-22 00:07:38 | [INFO]    | Discordia 2.8.3
2020-04-22 00:07:38 | [INFO]    | Connecting to Discord...
2020-04-22 00:07:38 | [INFO]    | Authenticated as KoronaBot#1494
2020-04-22 00:07:38 | [INFO]    | Launching shard 0 (1 out of 1)...
2020-04-22 00:07:38 | [INFO]    | Shard 0 : Connected to wss://gateway.discord.gg
2020-04-22 00:07:38 | [INFO]    | Shard 0 : Received HELLO
2020-04-22 00:07:39 | [INFO]    | Shard 0 : Received READY
2020-04-22 00:09:38 | [INFO]    | Discordia 2.8.3
2020-04-22 00:09:38 | [INFO]    | Connecting to Discord...
2020-04-22 00:09:38 | [INFO]    | Authenticated as KoronaBot#1494
2020-04-22 00:09:38 | [INFO]    | Launching shard 0 (1 out of 1)...
2020-04-22 00:09:38 | [INFO]    | Shard 0 : Connected to wss://gateway.discord.gg
2020-04-22 00:09:38 | [INFO]    | Shard 0 : Received HELLO
2020-04-22 00:09:38 | [INFO]    | Shard 0 : Received READY
2020-04-22 00:10:37 | [INFO]    | Discordia 2.8.3
2020-04-22 00:10:37 | [INFO]    | Connecting to Discord...
2020-04-22 00:10:37 | [INFO]    | Authenticated as KoronaBot#1494
2020-04-22 00:10:37 | [INFO]    | Launching shard 0 (1 out of 1)...
2020-04-22 00:10:38 | [INFO]    | Shard 0 : Connected to wss://gateway.discord.gg
2020-04-22 00:10:38 | [INFO]    | Shard 0 : Received HELLO
2020-04-22 00:10:38 | [INFO]    | Shard 0 : Received READY
2020-04-22 00:11:27 | [INFO]    | Discordia 2.8.3
2020-04-22 00:11:27 | [INFO]    | Connecting to Discord...
2020-04-22 00:11:27 | [INFO]    | Authenticated as KoronaBot#1494
2020-04-22 00:11:27 | [INFO]    | Launching shard 0 (1 out of 1)...
2020-04-22 00:11:27 | [INFO]    | Shard 0 : Connected to wss://gateway.discord.gg
2020-04-22 00:11:27 | [INFO]    | Shard 0 : Received HELLO
2020-04-22 00:11:27 | [INFO]    | Shard 0 : Received READY
2020-04-22 00:14:39 | [INFO]    | Discordia 2.8.3
2020-04-22 00:14:39 | [INFO]    | Connecting to Discord...
2020-04-22 00:14:39 | [INFO]    | Authenticated as KoronaBot#1494
2020-04-22 00:14:39 | [INFO]    | Launching shard 0 (1 out of 1)...
2020-04-22 00:14:39 | [INFO]    | Shard 0 : Connected to wss://gateway.discord.gg
2020-04-22 00:14:39 | [INFO]    | Shard 0 : Received HELLO
2020-04-22 00:14:39 | [INFO]    | Shard 0 : Received READY
2020-04-22 00:14:58 | [INFO]    | Discordia 2.8.3
2020-04-22 00:14:58 | [INFO]    | Connecting to Discord...
2020-04-22 00:14:58 | [INFO]    | Authenticated as KoronaBot#1494
2020-04-22 00:14:58 | [INFO]    | Launching shard 0 (1 out of 1)...
2020-04-22 00:14:58 | [INFO]    | Shard 0 : Connected to wss://gateway.discord.gg
2020-04-22 00:14:58 | [INFO]    | Shard 0 : Received HELLO
2020-04-22 00:14:58 | [INFO]    | Shard 0 : Received READY
2020-04-22 00:15:18 | [INFO]    | Discordia 2.8.3
2020-04-22 00:15:18 | [INFO]    | Connecting to Discord...
2020-04-22 00:15:19 | [INFO]    | Authenticated as KoronaBot#1494
2020-04-22 00:15:19 | [INFO]    | Launching shard 0 (1 out of 1)...
2020-04-22 00:15:19 | [INFO]    | Shard 0 : Connected to wss://gateway.discord.gg
2020-04-22 00:15:19 | [INFO]    | Shard 0 : Received HELLO
2020-04-22 00:15:19 | [INFO]    | Shard 0 : Received READY
2020-04-22 00:16:48 | [INFO]    | Discordia 2.8.3
2020-04-22 00:16:48 | [INFO]    | Connecting to Discord...
2020-04-22 00:16:49 | [INFO]    | Authenticated as KoronaBot#1494
2020-04-22 00:16:49 | [INFO]    | Launching shard 0 (1 out of 1)...
2020-04-22 00:16:49 | [INFO]    | Shard 0 : Connected to wss://gateway.discord.gg
2020-04-22 00:16:49 | [INFO]    | Shard 0 : Received HELLO
2020-04-22 00:16:49 | [INFO]    | Shard 0 : Received READY
2020-04-22 00:17:49 | [INFO]    | Discordia 2.8.3
2020-04-22 00:17:49 | [INFO]    | Connecting to Discord...
2020-04-22 00:17:49 | [INFO]    | Authenticated as KoronaBot#1494
2020-04-22 00:17:49 | [INFO]    | Launching shard 0 (1 out of 1)...
2020-04-22 00:17:49 | [INFO]    | Shard 0 : Connected to wss://gateway.discord.gg
2020-04-22 00:17:49 | [INFO]    | Shard 0 : Received HELLO
2020-04-22 00:17:49 | [INFO]    | Shard 0 : Received READY
2020-04-22 00:18:58 | [INFO]    | Discordia 2.8.3
2020-04-22 00:18:58 | [INFO]    | Connecting to Discord...
2020-04-22 00:18:58 | [INFO]    | Authenticated as KoronaBot#1494
2020-04-22 00:18:58 | [INFO]    | Launching shard 0 (1 out of 1)...
2020-04-22 00:18:58 | [INFO]    | Shard 0 : Connected to wss://gateway.discord.gg
2020-04-22 00:18:58 | [INFO]    | Shard 0 : Received HELLO
2020-04-22 00:18:58 | [INFO]    | Shard 0 : Received READY
2020-04-22 00:19:01 | [ERROR]   | 400 - Bad Request : POST https://discordapp.com/api/v7/channels/702272493490012168/messages
2020-04-22 00:20:04 | [INFO]    | Discordia 2.8.3
2020-04-22 00:20:04 | [INFO]    | Connecting to Discord...
2020-04-22 00:20:04 | [INFO]    | Authenticated as KoronaBot#1494
2020-04-22 00:20:04 | [INFO]    | Launching shard 0 (1 out of 1)...
2020-04-22 00:20:04 | [INFO]    | Shard 0 : Connected to wss://gateway.discord.gg
2020-04-22 00:20:04 | [INFO]    | Shard 0 : Received HELLO
2020-04-22 00:20:04 | [INFO]    | Shard 0 : Received READY
2020-04-22 00:20:11 | [ERROR]   | 400 - Bad Request : POST https://discordapp.com/api/v7/channels/702272493490012168/messages
2020-04-22 00:23:52 | [INFO]    | Discordia 2.8.3
2020-04-22 00:23:52 | [INFO]    | Connecting to Discord...
2020-04-22 00:23:52 | [INFO]    | Authenticated as KoronaBot#1494
2020-04-22 00:23:52 | [INFO]    | Launching shard 0 (1 out of 1)...
2020-04-22 00:23:53 | [INFO]    | Shard 0 : Connected to wss://gateway.discord.gg
2020-04-22 00:23:53 | [INFO]    | Shard 0 : Received HELLO
2020-04-22 00:23:53 | [INFO]    | Shard 0 : Received READY
2020-04-22 00:23:59 | [ERROR]   | 400 - Bad Request : POST https://discordapp.com/api/v7/channels/702272493490012168/messages
2020-04-22 00:25:02 | [INFO]    | Discordia 2.8.3
2020-04-22 00:25:02 | [INFO]    | Connecting to Discord...
2020-04-22 00:25:02 | [INFO]    | Authenticated as KoronaBot#1494
2020-04-22 00:25:02 | [INFO]    | Launching shard 0 (1 out of 1)...
2020-04-22 00:25:02 | [INFO]    | Shard 0 : Connected to wss://gateway.discord.gg
2020-04-22 00:25:02 | [INFO]    | Shard 0 : Received HELLO
2020-04-22 00:25:03 | [INFO]    | Shard 0 : Received READY
2020-04-22 00:25:07 | [ERROR]   | 400 - Bad Request : POST https://discordapp.com/api/v7/channels/702272493490012168/messages
2020-04-22 00:25:27 | [INFO]    | Discordia 2.8.3
2020-04-22 00:25:27 | [INFO]    | Connecting to Discord...
2020-04-22 00:25:27 | [INFO]    | Authenticated as KoronaBot#1494
2020-04-22 00:25:27 | [INFO]    | Launching shard 0 (1 out of 1)...
2020-04-22 00:25:28 | [INFO]    | Shard 0 : Connected to wss://gateway.discord.gg
2020-04-22 00:25:28 | [INFO]    | Shard 0 : Received HELLO
2020-04-22 00:25:28 | [INFO]    | Shard 0 : Received READY
2020-04-22 00:28:22 | [INFO]    | Discordia 2.8.3
2020-04-22 00:28:22 | [INFO]    | Connecting to Discord...
2020-04-22 00:28:22 | [INFO]    | Authenticated as KoronaBot#1494
2020-04-22 00:28:22 | [INFO]    | Launching shard 0 (1 out of 1)...
2020-04-22 00:28:22 | [INFO]    | Shard 0 : Connected to wss://gateway.discord.gg
2020-04-22 00:28:22 | [INFO]    | Shard 0 : Received HELLO
2020-04-22 00:28:22 | [INFO]    | Shard 0 : Received READY
2020-04-22 00:29:09 | [INFO]    | Discordia 2.8.3
2020-04-22 00:29:09 | [INFO]    | Connecting to Discord...
2020-04-22 00:29:09 | [INFO]    | Authenticated as KoronaBot#1494
2020-04-22 00:29:09 | [INFO]    | Launching shard 0 (1 out of 1)...
2020-04-22 00:29:09 | [INFO]    | Shard 0 : Connected to wss://gateway.discord.gg
2020-04-22 00:29:09 | [INFO]    | Shard 0 : Received HELLO
2020-04-22 00:29:09 | [INFO]    | Shard 0 : Received READY
2020-04-22 00:37:58 | [INFO]    | Discordia 2.8.3
2020-04-22 00:37:58 | [INFO]    | Connecting to Discord...
2020-04-22 00:37:59 | [INFO]    | Authenticated as KoronaBot#1494
2020-04-22 00:37:59 | [INFO]    | Launching shard 0 (1 out of 1)...
2020-04-22 00:37:59 | [INFO]    | Shard 0 : Connected to wss://gateway.discord.gg
2020-04-22 00:37:59 | [INFO]    | Shard 0 : Received HELLO
2020-04-22 00:38:00 | [INFO]    | Shard 0 : Received READY
2020-04-22 00:38:21 | [INFO]    | Discordia 2.8.3
2020-04-22 00:38:21 | [INFO]    | Connecting to Discord...
2020-04-22 00:38:22 | [INFO]    | Authenticated as KoronaBot#1494
2020-04-22 00:38:22 | [INFO]    | Launching shard 0 (1 out of 1)...
2020-04-22 00:38:22 | [INFO]    | Shard 0 : Connected to wss://gateway.discord.gg
2020-04-22 00:38:22 | [INFO]    | Shard 0 : Received HELLO
2020-04-22 00:38:22 | [INFO]    | Shard 0 : Received READY
2020-04-22 00:38:46 | [INFO]    | Discordia 2.8.3
2020-04-22 00:38:46 | [INFO]    | Connecting to Discord...
2020-04-22 00:38:47 | [INFO]    | Authenticated as KoronaBot#1494
2020-04-22 00:38:47 | [INFO]    | Launching shard 0 (1 out of 1)...
2020-04-22 00:38:47 | [INFO]    | Shard 0 : Connected to wss://gateway.discord.gg
2020-04-22 00:38:47 | [INFO]    | Shard 0 : Received HELLO
2020-04-22 00:38:47 | [INFO]    | Shard 0 : Received READY
2020-04-22 00:39:01 | [INFO]    | Discordia 2.8.3
2020-04-22 00:39:01 | [INFO]    | Connecting to Discord...
2020-04-22 00:39:01 | [INFO]    | Authenticated as KoronaBot#1494
2020-04-22 00:39:01 | [INFO]    | Launching shard 0 (1 out of 1)...
2020-04-22 00:39:01 | [INFO]    | Shard 0 : Connected to wss://gateway.discord.gg
2020-04-22 00:39:01 | [INFO]    | Shard 0 : Received HELLO
2020-04-22 00:39:02 | [INFO]    | Shard 0 : Received READY
2020-04-22 00:41:49 | [INFO]    | Discordia 2.8.3
2020-04-22 00:41:49 | [INFO]    | Connecting to Discord...
2020-04-22 00:41:49 | [INFO]    | Authenticated as KoronaBot#1494
2020-04-22 00:41:49 | [INFO]    | Launching shard 0 (1 out of 1)...
2020-04-22 00:41:50 | [INFO]    | Shard 0 : Connected to wss://gateway.discord.gg
2020-04-22 00:41:50 | [INFO]    | Shard 0 : Received HELLO
2020-04-22 00:41:50 | [INFO]    | Shard 0 : Received READY
2020-04-22 00:42:47 | [INFO]    | Discordia 2.8.3
2020-04-22 00:42:47 | [INFO]    | Connecting to Discord...
2020-04-22 00:42:47 | [INFO]    | Authenticated as KoronaBot#1494
2020-04-22 00:42:47 | [INFO]    | Launching shard 0 (1 out of 1)...
2020-04-22 00:42:47 | [INFO]    | Shard 0 : Connected to wss://gateway.discord.gg
2020-04-22 00:42:47 | [INFO]    | Shard 0 : Received HELLO
2020-04-22 00:42:48 | [INFO]    | Shard 0 : Received READY
2020-04-22 00:43:03 | [INFO]    | Discordia 2.8.3
2020-04-22 00:43:03 | [INFO]    | Connecting to Discord...
2020-04-22 00:43:03 | [INFO]    | Authenticated as KoronaBot#1494
2020-04-22 00:43:03 | [INFO]    | Launching shard 0 (1 out of 1)...
2020-04-22 00:43:03 | [INFO]    | Shard 0 : Connected to wss://gateway.discord.gg
2020-04-22 00:43:03 | [INFO]    | Shard 0 : Received HELLO
2020-04-22 00:43:03 | [INFO]    | Shard 0 : Received READY
2020-04-22 00:44:05 | [INFO]    | Discordia 2.8.3
2020-04-22 00:44:05 | [INFO]    | Connecting to Discord...
2020-04-22 00:44:05 | [INFO]    | Authenticated as KoronaBot#1494
2020-04-22 00:44:05 | [INFO]    | Launching shard 0 (1 out of 1)...
2020-04-22 00:44:06 | [INFO]    | Shard 0 : Connected to wss://gateway.discord.gg
2020-04-22 00:44:06 | [INFO]    | Shard 0 : Received HELLO
2020-04-22 00:44:06 | [INFO]    | Shard 0 : Received READY
2020-04-22 00:44:32 | [INFO]    | Discordia 2.8.3
2020-04-22 00:44:32 | [INFO]    | Connecting to Discord...
2020-04-22 00:44:33 | [INFO]    | Authenticated as KoronaBot#1494
2020-04-22 00:44:33 | [INFO]    | Launching shard 0 (1 out of 1)...
2020-04-22 00:44:33 | [INFO]    | Shard 0 : Connected to wss://gateway.discord.gg
2020-04-22 00:44:33 | [INFO]    | Shard 0 : Received HELLO
2020-04-22 00:44:33 | [INFO]    | Shard 0 : Received READY
2020-04-22 00:45:39 | [INFO]    | Discordia 2.8.3
2020-04-22 00:45:39 | [INFO]    | Connecting to Discord...
2020-04-22 00:45:40 | [INFO]    | Authenticated as KoronaBot#1494
2020-04-22 00:45:40 | [INFO]    | Launching shard 0 (1 out of 1)...
2020-04-22 00:45:40 | [INFO]    | Shard 0 : Connected to wss://gateway.discord.gg
2020-04-22 00:45:40 | [INFO]    | Shard 0 : Received HELLO
2020-04-22 00:45:40 | [INFO]    | Shard 0 : Received READY
2020-04-22 00:50:29 | [INFO]    | Discordia 2.8.3
2020-04-22 00:50:29 | [INFO]    | Connecting to Discord...
2020-04-22 00:50:30 | [INFO]    | Authenticated as KoronaBot#1494
2020-04-22 00:50:30 | [INFO]    | Launching shard 0 (1 out of 1)...
2020-04-22 00:50:30 | [INFO]    | Shard 0 : Connected to wss://gateway.discord.gg
2020-04-22 00:50:30 | [INFO]    | Shard 0 : Received HELLO
2020-04-22 00:50:30 | [INFO]    | Shard 0 : Received READY
2020-04-22 00:52:16 | [INFO]    | Discordia 2.8.3
2020-04-22 00:52:16 | [INFO]    | Connecting to Discord...
2020-04-22 00:52:16 | [INFO]    | Authenticated as KoronaBot#1494
2020-04-22 00:52:16 | [INFO]    | Launching shard 0 (1 out of 1)...
2020-04-22 00:52:16 | [INFO]    | Shard 0 : Connected to wss://gateway.discord.gg
2020-04-22 00:52:16 | [INFO]    | Shard 0 : Received HELLO
2020-04-22 00:52:17 | [INFO]    | Shard 0 : Received READY
2020-04-22 00:53:49 | [INFO]    | Discordia 2.8.3
2020-04-22 00:53:49 | [INFO]    | Connecting to Discord...
2020-04-22 00:53:49 | [INFO]    | Authenticated as KoronaBot#1494
2020-04-22 00:53:49 | [INFO]    | Launching shard 0 (1 out of 1)...
2020-04-22 00:53:50 | [INFO]    | Shard 0 : Connected to wss://gateway.discord.gg
2020-04-22 00:53:50 | [INFO]    | Shard 0 : Received HELLO
2020-04-22 00:53:50 | [INFO]    | Shard 0 : Received READY
2020-04-22 00:54:01 | [INFO]    | Discordia 2.8.3
2020-04-22 00:54:01 | [INFO]    | Connecting to Discord...
2020-04-22 00:54:01 | [INFO]    | Authenticated as KoronaBot#1494
2020-04-22 00:54:01 | [INFO]    | Launching shard 0 (1 out of 1)...
2020-04-22 00:54:01 | [INFO]    | Shard 0 : Connected to wss://gateway.discord.gg
2020-04-22 00:54:01 | [INFO]    | Shard 0 : Received HELLO
2020-04-22 00:54:01 | [INFO]    | Shard 0 : Received READY
2020-04-22 00:54:30 | [INFO]    | Discordia 2.8.3
2020-04-22 00:54:30 | [INFO]    | Connecting to Discord...
2020-04-22 00:54:30 | [INFO]    | Authenticated as KoronaBot#1494
2020-04-22 00:54:30 | [INFO]    | Launching shard 0 (1 out of 1)...
2020-04-22 00:54:31 | [INFO]    | Shard 0 : Connected to wss://gateway.discord.gg
2020-04-22 00:54:31 | [INFO]    | Shard 0 : Received HELLO
2020-04-22 00:54:31 | [INFO]    | Shard 0 : Received READY
2020-04-22 01:09:27 | [INFO]    | Discordia 2.8.3
2020-04-22 01:09:27 | [INFO]    | Connecting to Discord...
2020-04-22 01:09:27 | [INFO]    | Authenticated as KoronaBot#1494
2020-04-22 01:09:27 | [INFO]    | Launching shard 0 (1 out of 1)...
2020-04-22 01:09:27 | [INFO]    | Shard 0 : Connected to wss://gateway.discord.gg
2020-04-22 01:09:27 | [INFO]    | Shard 0 : Received HELLO
2020-04-22 01:09:28 | [INFO]    | Shard 0 : Received READY
2020-04-22 01:10:35 | [INFO]    | Discordia 2.8.3
2020-04-22 01:10:35 | [INFO]    | Connecting to Discord...
2020-04-22 01:10:35 | [INFO]    | Authenticated as KoronaBot#1494
2020-04-22 01:10:35 | [INFO]    | Launching shard 0 (1 out of 1)...
2020-04-22 01:10:35 | [INFO]    | Shard 0 : Connected to wss://gateway.discord.gg
2020-04-22 01:10:35 | [INFO]    | Shard 0 : Received HELLO
2020-04-22 01:10:36 | [INFO]    | Shard 0 : Received READY
2020-04-22 01:11:12 | [INFO]    | Discordia 2.8.3
2020-04-22 01:11:12 | [INFO]    | Connecting to Discord...
2020-04-22 01:11:13 | [INFO]    | Authenticated as KoronaBot#1494
2020-04-22 01:11:13 | [INFO]    | Launching shard 0 (1 out of 1)...
2020-04-22 01:11:13 | [INFO]    | Shard 0 : Connected to wss://gateway.discord.gg
2020-04-22 01:11:13 | [INFO]    | Shard 0 : Received HELLO
2020-04-22 01:11:13 | [INFO]    | Shard 0 : Received READY
2020-04-22 01:12:12 | [INFO]    | Discordia 2.8.3
2020-04-22 01:12:12 | [INFO]    | Connecting to Discord...
2020-04-22 01:12:13 | [INFO]    | Authenticated as KoronaBot#1494
2020-04-22 01:12:13 | [INFO]    | Launching shard 0 (1 out of 1)...
2020-04-22 01:12:13 | [INFO]    | Shard 0 : Connected to wss://gateway.discord.gg
2020-04-22 01:12:13 | [INFO]    | Shard 0 : Received HELLO
2020-04-22 01:12:13 | [INFO]    | Shard 0 : Received READY
2020-04-22 01:13:12 | [INFO]    | Discordia 2.8.3
2020-04-22 01:13:12 | [INFO]    | Connecting to Discord...
2020-04-22 01:13:12 | [INFO]    | Authenticated as KoronaBot#1494
2020-04-22 01:13:12 | [INFO]    | Launching shard 0 (1 out of 1)...
2020-04-22 01:13:13 | [INFO]    | Shard 0 : Connected to wss://gateway.discord.gg
2020-04-22 01:13:13 | [INFO]    | Shard 0 : Received HELLO
2020-04-22 01:13:13 | [INFO]    | Shard 0 : Received READY
2020-04-22 01:13:33 | [INFO]    | Discordia 2.8.3
2020-04-22 01:13:33 | [INFO]    | Connecting to Discord...
2020-04-22 01:13:33 | [INFO]    | Authenticated as KoronaBot#1494
2020-04-22 01:13:33 | [INFO]    | Launching shard 0 (1 out of 1)...
2020-04-22 01:13:33 | [INFO]    | Shard 0 : Connected to wss://gateway.discord.gg
2020-04-22 01:13:33 | [INFO]    | Shard 0 : Received HELLO
2020-04-22 01:13:33 | [INFO]    | Shard 0 : Received READY
2020-04-22 01:17:38 | [INFO]    | Discordia 2.8.3
2020-04-22 01:17:38 | [INFO]    | Connecting to Discord...
2020-04-22 01:17:38 | [INFO]    | Authenticated as KoronaBot#1494
2020-04-22 01:17:38 | [INFO]    | Launching shard 0 (1 out of 1)...
2020-04-22 01:17:39 | [INFO]    | Shard 0 : Connected to wss://gateway.discord.gg
2020-04-22 01:17:39 | [INFO]    | Shard 0 : Received HELLO
2020-04-22 01:17:39 | [INFO]    | Shard 0 : Received READY
2020-04-22 01:19:02 | [INFO]    | Discordia 2.8.3
2020-04-22 01:19:02 | [INFO]    | Connecting to Discord...
2020-04-22 01:19:02 | [INFO]    | Authenticated as KoronaBot#1494
2020-04-22 01:19:02 | [INFO]    | Launching shard 0 (1 out of 1)...
2020-04-22 01:19:02 | [INFO]    | Shard 0 : Connected to wss://gateway.discord.gg
2020-04-22 01:19:02 | [INFO]    | Shard 0 : Received HELLO
2020-04-22 01:19:03 | [INFO]    | Shard 0 : Received READY
2020-04-22 01:21:06 | [INFO]    | Discordia 2.8.3
2020-04-22 01:21:06 | [INFO]    | Connecting to Discord...
2020-04-22 01:21:06 | [INFO]    | Authenticated as KoronaBot#1494
2020-04-22 01:21:06 | [INFO]    | Launching shard 0 (1 out of 1)...
2020-04-22 01:21:06 | [INFO]    | Shard 0 : Connected to wss://gateway.discord.gg
2020-04-22 01:21:06 | [INFO]    | Shard 0 : Received HELLO
2020-04-22 01:21:06 | [INFO]    | Shard 0 : Received READY
2020-04-22 01:22:00 | [INFO]    | Discordia 2.8.3
2020-04-22 01:22:00 | [INFO]    | Connecting to Discord...
2020-04-22 01:22:00 | [INFO]    | Authenticated as KoronaBot#1494
2020-04-22 01:22:00 | [INFO]    | Launching shard 0 (1 out of 1)...
2020-04-22 01:22:01 | [INFO]    | Shard 0 : Connected to wss://gateway.discord.gg
2020-04-22 01:22:01 | [INFO]    | Shard 0 : Received HELLO
2020-04-22 01:22:01 | [INFO]    | Shard 0 : Received READY
2020-04-22 01:22:55 | [INFO]    | Discordia 2.8.3
2020-04-22 01:22:55 | [INFO]    | Connecting to Discord...
2020-04-22 01:22:56 | [INFO]    | Authenticated as KoronaBot#1494
2020-04-22 01:22:56 | [INFO]    | Launching shard 0 (1 out of 1)...
2020-04-22 01:22:56 | [INFO]    | Shard 0 : Connected to wss://gateway.discord.gg
2020-04-22 01:22:56 | [INFO]    | Shard 0 : Received HELLO
2020-04-22 01:22:56 | [INFO]    | Shard 0 : Received READY
2020-04-22 01:25:48 | [INFO]    | Discordia 2.8.3
2020-04-22 01:25:48 | [INFO]    | Connecting to Discord...
2020-04-22 01:25:48 | [INFO]    | Authenticated as KoronaBot#1494
2020-04-22 01:25:48 | [INFO]    | Launching shard 0 (1 out of 1)...
2020-04-22 01:25:48 | [INFO]    | Shard 0 : Connected to wss://gateway.discord.gg
2020-04-22 01:25:48 | [INFO]    | Shard 0 : Received HELLO
2020-04-22 01:25:48 | [INFO]    | Shard 0 : Received READY
2020-04-22 01:26:17 | [INFO]    | Discordia 2.8.3
2020-04-22 01:26:17 | [INFO]    | Connecting to Discord...
2020-04-22 01:26:17 | [INFO]    | Authenticated as KoronaBot#1494
2020-04-22 01:26:17 | [INFO]    | Launching shard 0 (1 out of 1)...
2020-04-22 01:26:17 | [INFO]    | Shard 0 : Connected to wss://gateway.discord.gg
2020-04-22 01:26:17 | [INFO]    | Shard 0 : Received HELLO
2020-04-22 01:26:17 | [INFO]    | Shard 0 : Received READY
2020-04-22 01:26:30 | [ERROR]   | 400 - Bad Request : POST https://discordapp.com/api/v7/channels/702272493490012168/messages
2020-04-22 01:26:43 | [ERROR]   | 400 - Bad Request : POST https://discordapp.com/api/v7/channels/702272493490012168/messages
2020-04-22 01:27:03 | [ERROR]   | 400 - Bad Request : POST https://discordapp.com/api/v7/channels/702272493490012168/messages
2020-04-22 01:27:21 | [INFO]    | Discordia 2.8.3
2020-04-22 01:27:21 | [INFO]    | Connecting to Discord...
2020-04-22 01:27:21 | [INFO]    | Authenticated as KoronaBot#1494
2020-04-22 01:27:21 | [INFO]    | Launching shard 0 (1 out of 1)...
2020-04-22 01:27:21 | [INFO]    | Shard 0 : Connected to wss://gateway.discord.gg
2020-04-22 01:27:21 | [INFO]    | Shard 0 : Received HELLO
2020-04-22 01:27:21 | [INFO]    | Shard 0 : Received READY
2020-04-22 01:27:25 | [ERROR]   | 400 - Bad Request : POST https://discordapp.com/api/v7/channels/702272493490012168/messages
2020-04-22 01:30:09 | [INFO]    | Discordia 2.8.3
2020-04-22 01:30:09 | [INFO]    | Connecting to Discord...
2020-04-22 01:30:09 | [INFO]    | Authenticated as KoronaBot#1494
2020-04-22 01:30:09 | [INFO]    | Launching shard 0 (1 out of 1)...
2020-04-22 01:30:10 | [INFO]    | Shard 0 : Connected to wss://gateway.discord.gg
2020-04-22 01:30:10 | [INFO]    | Shard 0 : Received HELLO
2020-04-22 01:30:10 | [INFO]    | Shard 0 : Received READY
2020-04-22 01:31:14 | [INFO]    | Discordia 2.8.3
2020-04-22 01:31:14 | [INFO]    | Connecting to Discord...
2020-04-22 01:31:14 | [INFO]    | Authenticated as KoronaBot#1494
2020-04-22 01:31:14 | [INFO]    | Launching shard 0 (1 out of 1)...
2020-04-22 01:31:14 | [INFO]    | Shard 0 : Connected to wss://gateway.discord.gg
2020-04-22 01:31:14 | [INFO]    | Shard 0 : Received HELLO
2020-04-22 01:31:14 | [INFO]    | Shard 0 : Received READY
2020-04-22 01:36:59 | [INFO]    | Discordia 2.8.3
2020-04-22 01:36:59 | [INFO]    | Connecting to Discord...
2020-04-22 01:36:59 | [INFO]    | Authenticated as KoronaBot#1494
2020-04-22 01:36:59 | [INFO]    | Launching shard 0 (1 out of 1)...
2020-04-22 01:37:00 | [INFO]    | Shard 0 : Connected to wss://gateway.discord.gg
2020-04-22 01:37:00 | [INFO]    | Shard 0 : Received HELLO
2020-04-22 01:37:00 | [INFO]    | Shard 0 : Received READY
2020-04-22 01:37:17 | [INFO]    | Discordia 2.8.3
2020-04-22 01:37:17 | [INFO]    | Connecting to Discord...
2020-04-22 01:37:18 | [INFO]    | Authenticated as KoronaBot#1494
2020-04-22 01:37:18 | [INFO]    | Launching shard 0 (1 out of 1)...
2020-04-22 01:37:18 | [INFO]    | Shard 0 : Connected to wss://gateway.discord.gg
2020-04-22 01:37:18 | [INFO]    | Shard 0 : Received HELLO
2020-04-22 01:37:18 | [INFO]    | Shard 0 : Received READY
2020-04-22 01:37:41 | [INFO]    | Discordia 2.8.3
2020-04-22 01:37:41 | [INFO]    | Connecting to Discord...
2020-04-22 01:37:41 | [INFO]    | Authenticated as KoronaBot#1494
2020-04-22 01:37:41 | [INFO]    | Launching shard 0 (1 out of 1)...
2020-04-22 01:37:41 | [INFO]    | Shard 0 : Connected to wss://gateway.discord.gg
2020-04-22 01:37:41 | [INFO]    | Shard 0 : Received HELLO
2020-04-22 01:37:41 | [INFO]    | Shard 0 : Received READY
2020-04-22 01:45:32 | [INFO]    | Discordia 2.8.3
2020-04-22 01:45:32 | [INFO]    | Connecting to Discord...
2020-04-22 01:45:33 | [INFO]    | Authenticated as KoronaBot#1494
2020-04-22 01:45:33 | [INFO]    | Launching shard 0 (1 out of 1)...
2020-04-22 01:45:33 | [INFO]    | Shard 0 : Connected to wss://gateway.discord.gg
2020-04-22 01:45:33 | [INFO]    | Shard 0 : Received HELLO
2020-04-22 01:45:34 | [INFO]    | Shard 0 : Received READY
2020-04-22 01:46:45 | [INFO]    | Discordia 2.8.3
2020-04-22 01:46:45 | [INFO]    | Connecting to Discord...
2020-04-22 01:46:45 | [INFO]    | Authenticated as KoronaBot#1494
2020-04-22 01:46:45 | [INFO]    | Launching shard 0 (1 out of 1)...
2020-04-22 01:46:46 | [INFO]    | Shard 0 : Connected to wss://gateway.discord.gg
2020-04-22 01:46:46 | [INFO]    | Shard 0 : Received HELLO
2020-04-22 01:46:46 | [INFO]    | Shard 0 : Received READY
2020-04-22 01:55:30 | [INFO]    | Discordia 2.8.3
2020-04-22 01:55:30 | [INFO]    | Connecting to Discord...
2020-04-22 01:55:30 | [INFO]    | Authenticated as KoronaBot#1494
2020-04-22 01:55:30 | [INFO]    | Launching shard 0 (1 out of 1)...
2020-04-22 01:55:31 | [INFO]    | Shard 0 : Connected to wss://gateway.discord.gg
2020-04-22 01:55:31 | [INFO]    | Shard 0 : Received HELLO
2020-04-22 01:55:31 | [INFO]    | Shard 0 : Received READY
2020-04-22 01:55:44 | [INFO]    | Discordia 2.8.3
2020-04-22 01:55:44 | [INFO]    | Connecting to Discord...
2020-04-22 01:55:45 | [INFO]    | Authenticated as KoronaBot#1494
2020-04-22 01:55:45 | [INFO]    | Launching shard 0 (1 out of 1)...
2020-04-22 01:55:45 | [INFO]    | Shard 0 : Connected to wss://gateway.discord.gg
2020-04-22 01:55:45 | [INFO]    | Shard 0 : Received HELLO
2020-04-22 01:55:45 | [INFO]    | Shard 0 : Received READY
2020-04-22 01:56:34 | [INFO]    | Discordia 2.8.3
2020-04-22 01:56:34 | [INFO]    | Connecting to Discord...
2020-04-22 01:56:34 | [INFO]    | Authenticated as KoronaBot#1494
2020-04-22 01:56:34 | [INFO]    | Launching shard 0 (1 out of 1)...
2020-04-22 01:56:34 | [INFO]    | Shard 0 : Connected to wss://gateway.discord.gg
2020-04-22 01:56:34 | [INFO]    | Shard 0 : Received HELLO
2020-04-22 01:56:34 | [INFO]    | Shard 0 : Received READY
2020-04-22 02:00:49 | [INFO]    | Discordia 2.8.3
2020-04-22 02:00:49 | [INFO]    | Connecting to Discord...
2020-04-22 02:00:49 | [INFO]    | Authenticated as KoronaBot#1494
2020-04-22 02:00:49 | [INFO]    | Launching shard 0 (1 out of 1)...
2020-04-22 02:00:50 | [INFO]    | Shard 0 : Connected to wss://gateway.discord.gg
2020-04-22 02:00:50 | [INFO]    | Shard 0 : Received HELLO
2020-04-22 02:00:50 | [INFO]    | Shard 0 : Received READY
2020-04-22 02:01:39 | [INFO]    | Discordia 2.8.3
2020-04-22 02:01:39 | [INFO]    | Connecting to Discord...
2020-04-22 02:01:39 | [INFO]    | Authenticated as KoronaBot#1494
2020-04-22 02:01:39 | [INFO]    | Launching shard 0 (1 out of 1)...
2020-04-22 02:01:39 | [INFO]    | Shard 0 : Connected to wss://gateway.discord.gg
2020-04-22 02:01:39 | [INFO]    | Shard 0 : Received HELLO
2020-04-22 02:01:39 | [INFO]    | Shard 0 : Received READY
2020-04-22 02:02:07 | [INFO]    | Discordia 2.8.3
2020-04-22 02:02:07 | [INFO]    | Connecting to Discord...
2020-04-22 02:02:08 | [INFO]    | Authenticated as KoronaBot#1494
2020-04-22 02:02:08 | [INFO]    | Launching shard 0 (1 out of 1)...
2020-04-22 02:02:08 | [INFO]    | Shard 0 : Connected to wss://gateway.discord.gg
2020-04-22 02:02:08 | [INFO]    | Shard 0 : Received HELLO
2020-04-22 02:02:08 | [INFO]    | Shard 0 : Received READY
2020-04-22 02:03:14 | [INFO]    | Discordia 2.8.3
2020-04-22 02:03:14 | [INFO]    | Connecting to Discord...
2020-04-22 02:03:14 | [INFO]    | Authenticated as KoronaBot#1494
2020-04-22 02:03:14 | [INFO]    | Launching shard 0 (1 out of 1)...
2020-04-22 02:03:14 | [INFO]    | Shard 0 : Connected to wss://gateway.discord.gg
2020-04-22 02:03:14 | [INFO]    | Shard 0 : Received HELLO
2020-04-22 02:03:14 | [INFO]    | Shard 0 : Received READY
2020-04-22 02:05:02 | [INFO]    | Discordia 2.8.3
2020-04-22 02:05:02 | [INFO]    | Connecting to Discord...
2020-04-22 02:05:03 | [INFO]    | Authenticated as KoronaBot#1494
2020-04-22 02:05:03 | [INFO]    | Launching shard 0 (1 out of 1)...
2020-04-22 02:05:03 | [INFO]    | Shard 0 : Connected to wss://gateway.discord.gg
2020-04-22 02:05:03 | [INFO]    | Shard 0 : Received HELLO
2020-04-22 02:05:03 | [INFO]    | Shard 0 : Received READY
2020-04-22 02:05:41 | [INFO]    | Discordia 2.8.3
2020-04-22 02:05:41 | [INFO]    | Connecting to Discord...
2020-04-22 02:05:42 | [INFO]    | Authenticated as KoronaBot#1494
2020-04-22 02:05:42 | [INFO]    | Launching shard 0 (1 out of 1)...
2020-04-22 02:05:42 | [INFO]    | Shard 0 : Connected to wss://gateway.discord.gg
2020-04-22 02:05:42 | [INFO]    | Shard 0 : Received HELLO
2020-04-22 02:05:42 | [INFO]    | Shard 0 : Received READY
2020-04-22 02:06:39 | [INFO]    | Discordia 2.8.3
2020-04-22 02:06:39 | [INFO]    | Connecting to Discord...
2020-04-22 02:06:39 | [INFO]    | Authenticated as KoronaBot#1494
2020-04-22 02:06:39 | [INFO]    | Launching shard 0 (1 out of 1)...
2020-04-22 02:06:39 | [INFO]    | Shard 0 : Connected to wss://gateway.discord.gg
2020-04-22 02:06:39 | [INFO]    | Shard 0 : Received HELLO
2020-04-22 02:06:39 | [INFO]    | Shard 0 : Received READY
2020-04-22 02:07:12 | [INFO]    | Discordia 2.8.3
2020-04-22 02:07:12 | [INFO]    | Connecting to Discord...
2020-04-22 02:07:12 | [INFO]    | Authenticated as KoronaBot#1494
2020-04-22 02:07:12 | [INFO]    | Launching shard 0 (1 out of 1)...
2020-04-22 02:07:12 | [INFO]    | Shard 0 : Connected to wss://gateway.discord.gg
2020-04-22 02:07:12 | [INFO]    | Shard 0 : Received HELLO
2020-04-22 02:07:12 | [INFO]    | Shard 0 : Received READY
2020-04-22 02:09:15 | [INFO]    | Discordia 2.8.3
2020-04-22 02:09:15 | [INFO]    | Connecting to Discord...
2020-04-22 02:09:15 | [INFO]    | Authenticated as KoronaBot#1494
2020-04-22 02:09:15 | [INFO]    | Launching shard 0 (1 out of 1)...
2020-04-22 02:09:15 | [INFO]    | Shard 0 : Connected to wss://gateway.discord.gg
2020-04-22 02:09:15 | [INFO]    | Shard 0 : Received HELLO
2020-04-22 02:09:15 | [INFO]    | Shard 0 : Received READY
2020-04-22 02:09:44 | [INFO]    | Discordia 2.8.3
2020-04-22 02:09:44 | [INFO]    | Connecting to Discord...
2020-04-22 02:09:44 | [INFO]    | Authenticated as KoronaBot#1494
2020-04-22 02:09:44 | [INFO]    | Launching shard 0 (1 out of 1)...
2020-04-22 02:09:45 | [INFO]    | Shard 0 : Connected to wss://gateway.discord.gg
2020-04-22 02:09:45 | [INFO]    | Shard 0 : Received HELLO
2020-04-22 02:09:45 | [INFO]    | Shard 0 : Received READY
2020-04-22 02:12:03 | [INFO]    | Discordia 2.8.3
2020-04-22 02:12:03 | [INFO]    | Connecting to Discord...
2020-04-22 02:12:03 | [INFO]    | Authenticated as KoronaBot#1494
2020-04-22 02:12:03 | [INFO]    | Launching shard 0 (1 out of 1)...
2020-04-22 02:12:03 | [INFO]    | Shard 0 : Connected to wss://gateway.discord.gg
2020-04-22 02:12:03 | [INFO]    | Shard 0 : Received HELLO
2020-04-22 02:12:03 | [INFO]    | Shard 0 : Received READY
2020-04-22 02:12:28 | [INFO]    | Discordia 2.8.3
2020-04-22 02:12:28 | [INFO]    | Connecting to Discord...
2020-04-22 02:12:28 | [INFO]    | Authenticated as KoronaBot#1494
2020-04-22 02:12:28 | [INFO]    | Launching shard 0 (1 out of 1)...
2020-04-22 02:12:29 | [INFO]    | Shard 0 : Connected to wss://gateway.discord.gg
2020-04-22 02:12:29 | [INFO]    | Shard 0 : Received HELLO
2020-04-22 02:12:29 | [INFO]    | Shard 0 : Received READY
2020-04-22 02:12:55 | [INFO]    | Discordia 2.8.3
2020-04-22 02:12:55 | [INFO]    | Connecting to Discord...
2020-04-22 02:12:55 | [INFO]    | Authenticated as KoronaBot#1494
2020-04-22 02:12:55 | [INFO]    | Launching shard 0 (1 out of 1)...
2020-04-22 02:12:56 | [INFO]    | Shard 0 : Connected to wss://gateway.discord.gg
2020-04-22 02:12:56 | [INFO]    | Shard 0 : Received HELLO
2020-04-22 02:12:56 | [INFO]    | Shard 0 : Received READY
2020-04-22 02:16:38 | [INFO]    | Discordia 2.8.3
2020-04-22 02:16:38 | [INFO]    | Connecting to Discord...
2020-04-22 02:16:38 | [INFO]    | Authenticated as KoronaBot#1494
2020-04-22 02:16:38 | [INFO]    | Launching shard 0 (1 out of 1)...
2020-04-22 02:16:38 | [INFO]    | Shard 0 : Connected to wss://gateway.discord.gg
2020-04-22 02:16:38 | [INFO]    | Shard 0 : Received HELLO
2020-04-22 02:16:38 | [INFO]    | Shard 0 : Received READY
2020-04-22 02:17:07 | [INFO]    | Discordia 2.8.3
2020-04-22 02:17:07 | [INFO]    | Connecting to Discord...
2020-04-22 02:17:07 | [INFO]    | Authenticated as KoronaBot#1494
2020-04-22 02:17:07 | [INFO]    | Launching shard 0 (1 out of 1)...
2020-04-22 02:17:07 | [INFO]    | Shard 0 : Connected to wss://gateway.discord.gg
2020-04-22 02:17:07 | [INFO]    | Shard 0 : Received HELLO
2020-04-22 02:17:07 | [INFO]    | Shard 0 : Received READY
